{"C:\\Users\\sood\\Documents\\Learning\\React\\Namaste-React\\13-Time for Test\\src\\components\\Contact.js": {"path":"C:\\Users\\sood\\Documents\\Learning\\React\\Namaste-React\\13-Time for Test\\src\\components\\Contact.js","statementMap":{"0":{"start":{"line":1,"column":16},"end":{"line":10,"column":1}},"1":{"start":{"line":2,"column":4},"end":{"line":9,"column":11}}},"fnMap":{"0":{"name":"(anonymous_0)","decl":{"start":{"line":1,"column":16},"end":{"line":1,"column":17}},"loc":{"start":{"line":1,"column":22},"end":{"line":10,"column":1}},"line":1}},"branchMap":{},"s":{"0":1,"1":3},"f":{"0":3},"b":{},"_coverageSchema":"1a1c01bbd47fc00a2c39e90264f33305004495a9","hash":"c3dc4f548a3e8ae5484bf0b18be2c4059dcda964"}
,"C:\\Users\\sood\\Documents\\Learning\\React\\Namaste-React\\13-Time for Test\\src\\components\\sum.js": {"path":"C:\\Users\\sood\\Documents\\Learning\\React\\Namaste-React\\13-Time for Test\\src\\components\\sum.js","statementMap":{"0":{"start":{"line":1,"column":19},"end":{"line":3,"column":1}},"1":{"start":{"line":2,"column":4},"end":{"line":2,"column":17}}},"fnMap":{"0":{"name":"(anonymous_0)","decl":{"start":{"line":1,"column":19},"end":{"line":1,"column":20}},"loc":{"start":{"line":1,"column":29},"end":{"line":3,"column":1}},"line":1}},"branchMap":{},"s":{"0":1,"1":1},"f":{"0":1},"b":{},"_coverageSchema":"1a1c01bbd47fc00a2c39e90264f33305004495a9","hash":"86d04dd26a7a815ab117c884708bd5559d0958be"}
}
